<?xml version="1.0" encoding="UTF-8" standalone="no"?><testsuite errors="1" failures="0" name="Registrar un usuario en Haceb" skipped="0" tests="1" time="67.35" timestamp="2023-08-14 02:26:43"><testcase name="Registro de usuario exitoso"><error message="no such element: Unable to locate element: {&quot;method&quot;:&quot;xpath&quot;,&quot;selector&quot;:&quot;//form[@id='gigya-profile-form']/input[@id='gigya-textbox-153635908553265760']&quot;}&#10;  (Session info: chrome=115.0.5790.171)&#10;For documentation on this error, please visit: https://selenium.dev/exceptions/#no_such_element&#10;Build info: version: '4.7.1', revision: 'c6795baf1a3'&#10;System info: os.name: 'Windows 10', os.arch: 'amd64', os.version: '10.0', java.version: '11.0.14.1'&#10;Driver info: org.openqa.selenium.chrome.ChromeDriver&#10;Command: [203bfa6ecf459c88d8713ad826d8f7ac, findElement {using=xpath, value=//form[@id='gigya-profile-form']/input[@id='gigya-textbox-153635908553265760']}]&#10;Capabilities {acceptInsecureCerts: false, browserName: chrome, browserVersion: 115.0.5790.171, chrome: {chromedriverVersion: 114.0.5735.90 (386bc09e8f4f..., userDataDir: C:\Users\herla\AppData\Loca...}, goog:chromeOptions: {debuggerAddress: localhost:62836}, networkConnectionEnabled: false, pageLoadStrategy: normal, platformName: WINDOWS, proxy: Proxy(), se:cdp: ws://localhost:62836/devtoo..., se:cdpVersion: 115.0.5790.171, setWindowRect: true, strictFileInteractability: false, timeouts: {implicit: 0, pageLoad: 300000, script: 30000}, unhandledPromptBehavior: dismiss and notify, webauthn:extension:credBlob: true, webauthn:extension:largeBlob: true, webauthn:extension:minPinLength: true, webauthn:extension:prf: true, webauthn:virtualAuthenticators: true}&#10;Session ID: 203bfa6ecf459c88d8713ad826d8f7ac" type="org.openqa.selenium.NoSuchElementException">no such element: Unable to locate element: {"method":"xpath","selector":"//form[@id='gigya-profile-form']/input[@id='gigya-textbox-153635908553265760']"}
  (Session info: chrome=115.0.5790.171)
For documentation on this error, please visit: https://selenium.dev/exceptions/#no_such_element
Build info: version: '4.7.1', revision: 'c6795baf1a3'
System info: os.name: 'Windows 10', os.arch: 'amd64', os.version: '10.0', java.version: '11.0.14.1'
Driver info: org.openqa.selenium.chrome.ChromeDriver
Command: [203bfa6ecf459c88d8713ad826d8f7ac, findElement {using=xpath, value=//form[@id='gigya-profile-form']/input[@id='gigya-textbox-153635908553265760']}]
Capabilities {acceptInsecureCerts: false, browserName: chrome, browserVersion: 115.0.5790.171, chrome: {chromedriverVersion: 114.0.5735.90 (386bc09e8f4f..., userDataDir: C:\Users\herla\AppData\Loca...}, goog:chromeOptions: {debuggerAddress: localhost:62836}, networkConnectionEnabled: false, pageLoadStrategy: normal, platformName: WINDOWS, proxy: Proxy(), se:cdp: ws://localhost:62836/devtoo..., se:cdpVersion: 115.0.5790.171, setWindowRect: true, strictFileInteractability: false, timeouts: {implicit: 0, pageLoad: 300000, script: 30000}, unhandledPromptBehavior: dismiss and notify, webauthn:extension:credBlob: true, webauthn:extension:largeBlob: true, webauthn:extension:minPinLength: true, webauthn:extension:prf: true, webauthn:virtualAuthenticators: true}
Session ID: 203bfa6ecf459c88d8713ad826d8f7ac</error><system-err>no such element: Unable to locate element:
    {"method":"xpath","selector":"//form[@id='gigya-profile-form']/input[@id='gigya-textbox-153635908553265760']"}
    (Session info: chrome=115.0.5790.171)
    For documentation on this error, please visit: https://selenium.dev/exceptions/#no_such_element
    Build info: version: '4.7.1', revision: 'c6795baf1a3'
    System info: os.name: 'Windows 10', os.arch: 'amd64', os.version: '10.0', java.version: '11.0.14.1'
    Driver info: org.openqa.selenium.chrome.ChromeDriver
    Command: [203bfa6ecf459c88d8713ad826d8f7ac, findElement {using=xpath,
    value=//form[@id='gigya-profile-form']/input[@id='gigya-textbox-153635908553265760']}]
    Capabilities {acceptInsecureCerts: false, browserName: chrome, browserVersion: 115.0.5790.171, chrome:
    {chromedriverVersion: 114.0.5735.90 (386bc09e8f4f..., userDataDir: C:\Users\herla\AppData\Loca...},
    goog:chromeOptions: {debuggerAddress: localhost:62836}, networkConnectionEnabled: false, pageLoadStrategy: normal,
    platformName: WINDOWS, proxy: Proxy(), se:cdp: ws://localhost:62836/devtoo..., se:cdpVersion: 115.0.5790.171,
    setWindowRect: true, strictFileInteractability: false, timeouts: {implicit: 0, pageLoad: 300000, script: 30000},
    unhandledPromptBehavior: dismiss and notify, webauthn:extension:credBlob: true, webauthn:extension:largeBlob: true,
    webauthn:extension:minPinLength: true, webauthn:extension:prf: true, webauthn:virtualAuthenticators: true}
    Session ID: 203bfa6ecf459c88d8713ad826d8f7ac&#13;
    com.dentalsoft.steps.RegistroAdicionalStep.elUsuarioDiligenciaElFormularioDeRegistroAdicional(RegistroAdicionalStep.java:20)&#13;
    com.dentalsoft.stepDefinitions.RegistroStepDefinition.diligencie_el_formulario_de_mas_detalles_y_de_click_en_enviar(RegistroStepDefinition.java:39)&#13;
    io.cucumber.java.Invoker.doInvoke(Invoker.java:66)&#13;
    io.cucumber.java.Invoker.invoke(Invoker.java:24)&#13;
    io.cucumber.java.AbstractGlueDefinition.invokeMethod(AbstractGlueDefinition.java:47)&#13;
    io.cucumber.java.JavaStepDefinition.execute(JavaStepDefinition.java:29)&#13;
    io.cucumber.core.runner.CoreStepDefinition.execute(CoreStepDefinition.java:66)&#13;
    io.cucumber.core.runner.PickleStepDefinitionMatch.runStep(PickleStepDefinitionMatch.java:63)&#13;
    io.cucumber.core.runner.TestStep.executeStep(TestStep.java:85)&#13;
    io.cucumber.core.runner.TestStep.run(TestStep.java:57)&#13;
    io.cucumber.core.runner.PickleStepTestStep.run(PickleStepTestStep.java:51)&#13;
    io.cucumber.core.runner.TestCase.run(TestCase.java:84)&#13;
    io.cucumber.core.runner.Runner.runPickle(Runner.java:75)&#13;
    io.cucumber.core.runtime.CucumberExecutionContext.lambda$runTestCase$5(CucumberExecutionContext.java:129)&#13;
    io.cucumber.core.runtime.RethrowingThrowableCollector.executeAndThrow(RethrowingThrowableCollector.java:23)&#13;
    io.cucumber.core.runtime.CucumberExecutionContext.runTestCase(CucumberExecutionContext.java:129)&#13;
    io.cucumber.junit.FeatureRunner.runChild(FeatureRunner.java:144)&#13;
    io.cucumber.junit.FeatureRunner.runChild(FeatureRunner.java:28)&#13;
    io.cucumber.junit.FeatureRunner.run(FeatureRunner.java:137)&#13;
    io.cucumber.junit.CucumberSerenityRunner.runChild(CucumberSerenityRunner.java:259)&#13;
    io.cucumber.junit.CucumberSerenityRunner.runChild(CucumberSerenityRunner.java:59)&#13;
    worker.org.gradle.process.internal.worker.GradleWorkerMain.run(GradleWorkerMain.java:69)&#13;
    worker.org.gradle.process.internal.worker.GradleWorkerMain.main(GradleWorkerMain.java:74)&#13;
</system-err></testcase></testsuite>