<?xml version="1.0" encoding="UTF-8" standalone="no"?><testsuite errors="1" failures="0" name="Registrar un usuario en Haceb y agregar un producto al carrito" skipped="0" tests="1" time="112.58" timestamp="2023-08-14 10:14:54"><testcase name="Registro de usuario exitoso"><error message="no such element: Unable to locate element: {&quot;method&quot;:&quot;xpath&quot;,&quot;selector&quot;:&quot;//div[@class='gigya-screen-dialog-close']/a&quot;}&#10;  (Session info: MicrosoftEdge=115.0.1901.203)&#10;For documentation on this error, please visit: https://selenium.dev/exceptions/#no_such_element&#10;Build info: version: '4.7.1', revision: 'c6795baf1a3'&#10;System info: os.name: 'Windows 10', os.arch: 'amd64', os.version: '10.0', java.version: '11.0.14.1'&#10;Driver info: org.openqa.selenium.edge.EdgeDriver&#10;Command: [5c3339bda53c101d0814afc7100d318f, findElement {using=xpath, value=//div[@class='gigya-screen-dialog-close']/a}]&#10;Capabilities {acceptInsecureCerts: false, browserName: msedge, browserVersion: 115.0.1901.203, ms:edgeOptions: {debuggerAddress: localhost:54921}, msedge: {msedgedriverVersion: 115.0.1901.203 (a5a2b1779bc..., userDataDir: C:\Users\herla\AppData\Loca...}, networkConnectionEnabled: false, pageLoadStrategy: normal, platformName: WINDOWS, proxy: Proxy(), se:cdp: ws://localhost:54921/devtoo..., se:cdpVersion: 115.0.1901.203, setWindowRect: true, strictFileInteractability: false, timeouts: {implicit: 0, pageLoad: 300000, script: 30000}, unhandledPromptBehavior: dismiss and notify, webauthn:extension:credBlob: true, webauthn:extension:largeBlob: true, webauthn:extension:minPinLength: true, webauthn:extension:prf: true, webauthn:virtualAuthenticators: true}&#10;Session ID: 5c3339bda53c101d0814afc7100d318f" type="org.openqa.selenium.NoSuchElementException">no such element: Unable to locate element: {"method":"xpath","selector":"//div[@class='gigya-screen-dialog-close']/a"}
  (Session info: MicrosoftEdge=115.0.1901.203)
For documentation on this error, please visit: https://selenium.dev/exceptions/#no_such_element
Build info: version: '4.7.1', revision: 'c6795baf1a3'
System info: os.name: 'Windows 10', os.arch: 'amd64', os.version: '10.0', java.version: '11.0.14.1'
Driver info: org.openqa.selenium.edge.EdgeDriver
Command: [5c3339bda53c101d0814afc7100d318f, findElement {using=xpath, value=//div[@class='gigya-screen-dialog-close']/a}]
Capabilities {acceptInsecureCerts: false, browserName: msedge, browserVersion: 115.0.1901.203, ms:edgeOptions: {debuggerAddress: localhost:54921}, msedge: {msedgedriverVersion: 115.0.1901.203 (a5a2b1779bc..., userDataDir: C:\Users\herla\AppData\Loca...}, networkConnectionEnabled: false, pageLoadStrategy: normal, platformName: WINDOWS, proxy: Proxy(), se:cdp: ws://localhost:54921/devtoo..., se:cdpVersion: 115.0.1901.203, setWindowRect: true, strictFileInteractability: false, timeouts: {implicit: 0, pageLoad: 300000, script: 30000}, unhandledPromptBehavior: dismiss and notify, webauthn:extension:credBlob: true, webauthn:extension:largeBlob: true, webauthn:extension:minPinLength: true, webauthn:extension:prf: true, webauthn:virtualAuthenticators: true}
Session ID: 5c3339bda53c101d0814afc7100d318f</error><system-err>no such element: Unable to locate element:
    {"method":"xpath","selector":"//div[@class='gigya-screen-dialog-close']/a"}
    (Session info: MicrosoftEdge=115.0.1901.203)
    For documentation on this error, please visit: https://selenium.dev/exceptions/#no_such_element
    Build info: version: '4.7.1', revision: 'c6795baf1a3'
    System info: os.name: 'Windows 10', os.arch: 'amd64', os.version: '10.0', java.version: '11.0.14.1'
    Driver info: org.openqa.selenium.edge.EdgeDriver
    Command: [5c3339bda53c101d0814afc7100d318f, findElement {using=xpath,
    value=//div[@class='gigya-screen-dialog-close']/a}]
    Capabilities {acceptInsecureCerts: false, browserName: msedge, browserVersion: 115.0.1901.203, ms:edgeOptions:
    {debuggerAddress: localhost:54921}, msedge: {msedgedriverVersion: 115.0.1901.203 (a5a2b1779bc..., userDataDir:
    C:\Users\herla\AppData\Loca...}, networkConnectionEnabled: false, pageLoadStrategy: normal, platformName: WINDOWS,
    proxy: Proxy(), se:cdp: ws://localhost:54921/devtoo..., se:cdpVersion: 115.0.1901.203, setWindowRect: true,
    strictFileInteractability: false, timeouts: {implicit: 0, pageLoad: 300000, script: 30000}, unhandledPromptBehavior:
    dismiss and notify, webauthn:extension:credBlob: true, webauthn:extension:largeBlob: true,
    webauthn:extension:minPinLength: true, webauthn:extension:prf: true, webauthn:virtualAuthenticators: true}
    Session ID: 5c3339bda53c101d0814afc7100d318f&#13;
    com.dentalsoft.steps.LoginStep.elUsuarioClickeaRegistrarte(HomeStep.java:23)&#13;
    com.dentalsoft.stepDefinitions.RegistroStepDefinition.de_click_en_registrarse_e_ingresar_a_haceb(RegistroStepDefinition.java:33)&#13;
    io.cucumber.java.Invoker.doInvoke(Invoker.java:66)&#13;
    io.cucumber.java.Invoker.invoke(Invoker.java:24)&#13;
    io.cucumber.java.AbstractGlueDefinition.invokeMethod(AbstractGlueDefinition.java:47)&#13;
    io.cucumber.java.JavaStepDefinition.execute(JavaStepDefinition.java:29)&#13;
    io.cucumber.core.runner.CoreStepDefinition.execute(CoreStepDefinition.java:66)&#13;
    io.cucumber.core.runner.PickleStepDefinitionMatch.runStep(PickleStepDefinitionMatch.java:63)&#13;
    io.cucumber.core.runner.TestStep.executeStep(TestStep.java:85)&#13;
    io.cucumber.core.runner.TestStep.run(TestStep.java:57)&#13;
    io.cucumber.core.runner.PickleStepTestStep.run(PickleStepTestStep.java:51)&#13;
    io.cucumber.core.runner.TestCase.run(TestCase.java:84)&#13;
    io.cucumber.core.runner.Runner.runPickle(Runner.java:75)&#13;
    io.cucumber.core.runtime.CucumberExecutionContext.lambda$runTestCase$5(CucumberExecutionContext.java:129)&#13;
    io.cucumber.core.runtime.RethrowingThrowableCollector.executeAndThrow(RethrowingThrowableCollector.java:23)&#13;
    io.cucumber.core.runtime.CucumberExecutionContext.runTestCase(CucumberExecutionContext.java:129)&#13;
    io.cucumber.junit.FeatureRunner.runChild(FeatureRunner.java:144)&#13;
    io.cucumber.junit.FeatureRunner.runChild(FeatureRunner.java:28)&#13;
    io.cucumber.junit.FeatureRunner.run(FeatureRunner.java:137)&#13;
    io.cucumber.junit.CucumberSerenityRunner.runChild(CucumberSerenityRunner.java:259)&#13;
    io.cucumber.junit.CucumberSerenityRunner.runChild(CucumberSerenityRunner.java:59)&#13;
    worker.org.gradle.process.internal.worker.GradleWorkerMain.run(GradleWorkerMain.java:69)&#13;
    worker.org.gradle.process.internal.worker.GradleWorkerMain.main(GradleWorkerMain.java:74)&#13;
</system-err></testcase></testsuite>